Log file open, 10/11/17 02:18:55
LogWindows: Failed to load 'aqProf.dll' (GetLastError=126)
LogWindows: File 'aqProf.dll' does not exist
LogWindows: Failed to load 'VtuneApi.dll' (GetLastError=126)
LogWindows: File 'VtuneApi.dll' does not exist
LogWindows: Failed to load 'VtuneApi32e.dll' (GetLastError=126)
LogWindows: File 'VtuneApi32e.dll' does not exist
LogInit: Display: Running engine for game: ObstacleCourse
LogPlatformFile: Not using cached read wrapper
LogInit: Display: RandInit(-1524011207) SRandInit(-1524011207).
LogTaskGraph: Started task graph with 5 named threads and 14 total threads with 3 sets of task threads.
LogStats: Stats thread started at 0.166423
LogD3D11RHI: Aftermath initialized
LogPluginManager: Mounting plugin Paper2D
LogPluginManager: Mounting plugin LightPropagationVolume
LogPluginManager: Mounting plugin CodeLiteSourceCodeAccess
LogPluginManager: Mounting plugin GitSourceControl
LogPluginManager: Mounting plugin KDevelopSourceCodeAccess
LogPluginManager: Mounting plugin NullSourceCodeAccess
LogPluginManager: Mounting plugin PerforceSourceControl
LogPluginManager: Mounting plugin SubversionSourceControl
LogPluginManager: Mounting plugin UObjectPlugin
LogPluginManager: Mounting plugin VisualStudioSourceCodeAccess
LogPluginManager: Mounting plugin XCodeSourceCodeAccess
LogPluginManager: Mounting plugin AssetManagerEditor
LogPluginManager: Mounting plugin AudioCapture
LogPluginManager: Mounting plugin FacialAnimation
LogPluginManager: Mounting plugin GameplayTagsEditor
LogPluginManager: Mounting plugin MobileLauncherProfileWizard
LogPluginManager: Mounting plugin PluginBrowser
LogPluginManager: Mounting plugin SpeedTreeImporter
LogPluginManager: Mounting plugin AlembicImporter
LogPluginManager: Mounting plugin CharacterAI
LogPluginManager: Mounting plugin HTML5Networking
LogPluginManager: Mounting plugin AndroidMedia
LogPluginManager: Mounting plugin AvfMedia
LogPluginManager: Mounting plugin MediaPlayerEditor
LogPluginManager: Mounting plugin WmfMedia
LogPluginManager: Mounting plugin TcpMessaging
LogPluginManager: Mounting plugin UdpMessaging
LogPluginManager: Mounting plugin LevelSequenceEditor
LogPluginManager: Mounting plugin MatineeToLevelSequence
LogPluginManager: Mounting plugin OnlineSubsystemGooglePlay
LogPluginManager: Mounting plugin OnlineSubsystemIOS
LogPluginManager: Mounting plugin OnlineSubsystem
LogPluginManager: Mounting plugin OnlineSubsystemNull
LogPluginManager: Mounting plugin OnlineSubsystemUtils
LogPluginManager: Mounting plugin AndroidDeviceProfileSelector
LogPluginManager: Mounting plugin AndroidMoviePlayer
LogPluginManager: Mounting plugin AndroidPermission
LogPluginManager: Mounting plugin AppleMoviePlayer
LogPluginManager: Mounting plugin ArchVisCharacter
LogPluginManager: Mounting plugin CableComponent
LogPluginManager: Mounting plugin CustomMeshComponent
LogPluginManager: Mounting plugin ExampleDeviceProfileSelector
LogPluginManager: Mounting plugin GoogleCloudMessaging
LogPluginManager: Mounting plugin ImmediatePhysics
LogPluginManager: Mounting plugin IOSDeviceProfileSelector
LogPluginManager: Mounting plugin LinuxDeviceProfileSelector
LogPluginManager: Mounting plugin LocationServicesBPLibrary
LogPluginManager: Mounting plugin MobilePatchingUtils
LogPluginManager: Mounting plugin OculusVR
LogPluginManager: Mounting plugin PhysXVehicles
LogPluginManager: Mounting plugin ProceduralMeshComponent
LogPluginManager: Mounting plugin RuntimePhysXCooking
LogPluginManager: Mounting plugin SteamVR
LogPluginManager: Mounting plugin WindowsMoviePlayer
LogInit: Using libcurl 7.47.1
LogInit:  - built for x86_64-pc-win32
LogInit:  - supports SSL with OpenSSL/1.0.2g
LogInit:  - supports HTTP deflate (compression) using libz 1.2.8
LogInit:  - other features:
LogInit:      CURL_VERSION_SSL
LogInit:      CURL_VERSION_LIBZ
LogInit:      CURL_VERSION_IPV6
LogInit:      CURL_VERSION_ASYNCHDNS
LogInit:      CURL_VERSION_LARGEFILE
LogInit:      CURL_VERSION_IDN
LogInit:  CurlRequestOptions (configurable via config and command line):
LogInit:  - bVerifyPeer = false  - Libcurl will NOT verify peer certificate
LogInit:  - bUseHttpProxy = false  - Libcurl will NOT use HTTP proxy
LogInit:  - bDontReuseConnections = false  - Libcurl will reuse connections
LogInit:  - CertBundlePath = nullptr  - Libcurl will use whatever was configured at build time.
LogInit: Build: ++UE4+Release-4.17-CL-3658906
LogInit: Engine Version: 4.17.2-3658906+++UE4+Release-4.17
LogInit: Compatible Engine Version: 4.17.0-3573198+++UE4+Release-4.17
LogInit: Net CL: 3573198
LogDevObjectVersion: Number of dev versions registered: 16
LogDevObjectVersion:   Dev-Blueprints (B0D832E4-1F89-4F0D-ACCF-7EB736FD4AA2): 10
LogDevObjectVersion:   Dev-Build (E1C64328-A22C-4D53-A36C-8E866417BD8C): 0
LogDevObjectVersion:   Dev-Core (375EC13C-06E4-48FB-B500-84F0262A717E): 2
LogDevObjectVersion:   Dev-Editor (E4B068ED-F494-42E9-A231-DA0B2E46BB41): 20
LogDevObjectVersion:   Dev-Framework (CFFC743F-43B0-4480-9391-14DF171D2073): 28
LogDevObjectVersion:   Dev-Mobile (B02B49B5-BB20-44E9-A304-32B752E40360): 0
LogDevObjectVersion:   Dev-Networking (A4E4105C-59A1-49B5-A7C5-40C4547EDFEE): 0
LogDevObjectVersion:   Dev-Online (39C831C9-5AE6-47DC-9A44-9C173E1C8E7C): 0
LogDevObjectVersion:   Dev-Physics (78F01B33-EBEA-4F98-B9B4-84EACCB95AA2): 0
LogDevObjectVersion:   Dev-Platform (6631380F-2D4D-43E0-8009-CF276956A95A): 0
LogDevObjectVersion:   Dev-Rendering (12F88B9F-8875-4AFC-A67C-D90C383ABD29): 19
LogDevObjectVersion:   Dev-Sequencer (7B5AE74C-D270-4C10-A958-57980B212A5A): 4
LogDevObjectVersion:   Dev-VR (D7296918-1DD6-4BDD-9DE2-64A83CC13884): 0
LogDevObjectVersion:   Dev-LoadTimes (C2A15278-BFE7-4AFE-6C17-90FF531DF755): 1
LogDevObjectVersion:   Private-Geometry (6EACA3D4-40EC-4CC1-B786-8BED09428FC5): 1
LogDevObjectVersion:   Dev-AnimPhys (29E575DD-E0A3-4627-9D10-D276232CDCEA): 7
LogInit: Compiled (64-bit): Sep 22 2017 13:47:16
LogInit: Compiled with Visual C++: 19.00.24215.01
LogInit: Build Configuration: Development
LogInit: Branch Name: ++UE4+Release-4.17
LogInit: Command line: -EpicPortal 
LogInit: Base directory: C:/Program Files/Epic Games/UE_4.17/Engine/Binaries/Win64/
LogInit: Installed Engine Build: 1
LogInit: Presizing for max 8388607 objects, including 0 objects not considered by GC, pre-allocating 0 bytes for permanent pool.
LogInit: Object subsystem initialized
[2017.10.11-00.18.55:829][  0]LogInit: Selected Device Profile: [Windows]
[2017.10.11-00.18.55:829][  0]LogInit: Applying CVar settings loaded from the selected device profile: [Windows]
[2017.10.11-00.18.55:838][  0]LogInit: Computer: DESKTOP-49LQQD9
[2017.10.11-00.18.55:838][  0]LogInit: User: alex
[2017.10.11-00.18.55:838][  0]LogInit: CPU Page size=4096, Cores=4
[2017.10.11-00.18.55:838][  0]LogInit: High frequency timer resolution =3.515622 MHz
[2017.10.11-00.18.55:838][  0]LogMemory: Memory total: Physical=15.9GB (16GB approx)
[2017.10.11-00.18.55:838][  0]LogMemory: Platform Memory Stats for Windows
[2017.10.11-00.18.55:838][  0]LogMemory: Process Physical Memory: 278.52 MB used, 278.52 MB peak
[2017.10.11-00.18.55:838][  0]LogMemory: Process Virtual Memory: 274.33 MB used, 274.33 MB peak
[2017.10.11-00.18.55:838][  0]LogMemory: Physical Memory: 4617.79 MB used,  11693.48 MB free, 16311.27 MB total
[2017.10.11-00.18.55:838][  0]LogMemory: Virtual Memory: 655.02 MB used,  11693.48 MB free, 134217728.00 MB total
[2017.10.11-00.18.55:975][  0]LogInit: Using OS detected language (es-ES).
[2017.10.11-00.18.55:975][  0]LogInit: Using OS detected locale (es-ES).
[2017.10.11-00.18.55:978][  0]LogTextLocalizationManager: No specific localization for 'es-ES' exists, so the 'es' localization will be used.
[2017.10.11-00.18.56:387][  0]LogD3D11RHI: D3D11 adapters:
[2017.10.11-00.18.56:427][  0]LogD3D11RHI:    0. 'NVIDIA GeForce GTX 960' (Feature Level 11_0)
[2017.10.11-00.18.56:427][  0]LogD3D11RHI:       2016/0/8155 MB DedicatedVideo/DedicatedSystem/SharedSystem, Outputs:2, VendorId:0x10de
[2017.10.11-00.18.56:428][  0]LogD3D11RHI:    1. 'Microsoft Basic Render Driver' (Feature Level 11_0)
[2017.10.11-00.18.56:428][  0]LogD3D11RHI:       0/0/8155 MB DedicatedVideo/DedicatedSystem/SharedSystem, Outputs:0, VendorId:0x1414
[2017.10.11-00.18.56:428][  0]LogD3D11RHI: Chosen D3D11 Adapter: 0
[2017.10.11-00.18.56:432][  0]LogD3D11RHI: Creating new Direct3DDevice
[2017.10.11-00.18.56:432][  0]LogD3D11RHI:     GPU DeviceId: 0x1401 (for the marketing name, search the web for "GPU Device Id")
[2017.10.11-00.18.56:432][  0]LogWindows: EnumDisplayDevices:
[2017.10.11-00.18.56:432][  0]LogWindows:    0. 'NVIDIA GeForce GTX 960' (P:1 D:1)
[2017.10.11-00.18.56:432][  0]LogWindows:    1. 'NVIDIA GeForce GTX 960' (P:0 D:1)
[2017.10.11-00.18.56:432][  0]LogWindows:    2. 'NVIDIA GeForce GTX 960' (P:0 D:0)
[2017.10.11-00.18.56:433][  0]LogWindows:    3. 'NVIDIA GeForce GTX 960' (P:0 D:0)
[2017.10.11-00.18.56:433][  0]LogWindows: DebugString: FoundDriverCount:4 
[2017.10.11-00.18.56:433][  0]LogD3D11RHI:     Adapter Name: NVIDIA GeForce GTX 960
[2017.10.11-00.18.56:433][  0]LogD3D11RHI:   Driver Version: 382.05 (internal:22.21.13.8205, unified:382.05)
[2017.10.11-00.18.56:433][  0]LogD3D11RHI:      Driver Date: 5-1-2017
[2017.10.11-00.18.56:433][  0]LogRHI: Texture pool is 1361 MB (70% of 1945 MB)
[2017.10.11-00.18.56:460][  0]LogD3D11RHI: Async texture creation enabled
[2017.10.11-00.18.56:471][  0]LogD3D11RHI: GPU Timing Frequency: 1000.000000 (Debug: 2 1)
[2017.10.11-00.18.56:520][  0]LogShaderCompilers: Guid format shader working directory is -40 characters bigger than the processId version (../../../../../../Users/alex-/OneDrive/Documentos/Unreal Projects/UnrealObstacleCourse/Intermediate/Shaders/WorkingDirectory/4708/).
[2017.10.11-00.18.56:520][  0]LogShaderCompilers: Cleaned the shader compiler working directory 'C:/Users/alex-/AppData/Local/Temp/UnrealShaderWorkingDir/CF2092DA49FBD498B166EB86E9CEA5B0/'.
[2017.10.11-00.18.56:520][  0]LogShaderCompilers: Display: Using Local Shader Compiler.
[2017.10.11-00.18.57:385][  0]LogTemp: Display: Loaded TP AllDesktopTargetPlatform
[2017.10.11-00.18.57:436][  0]LogTemp: Display: Loaded TP MacClientTargetPlatform
[2017.10.11-00.18.57:487][  0]LogTemp: Display: Loaded TP MacNoEditorTargetPlatform
[2017.10.11-00.18.57:537][  0]LogTemp: Display: Loaded TP MacServerTargetPlatform
[2017.10.11-00.18.57:588][  0]LogTemp: Display: Loaded TP MacTargetPlatform
[2017.10.11-00.18.57:638][  0]LogTemp: Display: Loaded TP WindowsClientTargetPlatform
[2017.10.11-00.18.57:689][  0]LogTemp: Display: Loaded TP WindowsNoEditorTargetPlatform
[2017.10.11-00.18.57:739][  0]LogTemp: Display: Loaded TP WindowsServerTargetPlatform
[2017.10.11-00.18.57:784][  0]LogTemp: Display: Loaded TP WindowsTargetPlatform
[2017.10.11-00.18.57:833][  0]LogTemp: Display: Loaded TP AndroidTargetPlatform
[2017.10.11-00.18.57:883][  0]LogTemp: Display: Loaded TP Android_ASTCTargetPlatform
[2017.10.11-00.18.57:931][  0]LogTemp: Display: Loaded TP Android_ATCTargetPlatform
[2017.10.11-00.18.57:979][  0]LogTemp: Display: Loaded TP Android_DXTTargetPlatform
[2017.10.11-00.18.58:027][  0]LogTemp: Display: Loaded TP Android_ETC1TargetPlatform
[2017.10.11-00.18.58:076][  0]LogTemp: Display: Loaded TP Android_ETC2TargetPlatform
[2017.10.11-00.18.58:173][  0]LogTemp: Display: Loaded TP Android_MultiTargetPlatform
[2017.10.11-00.18.58:173][  0]LogTemp: Display: Loaded TP Android_PVRTCTargetPlatform
[2017.10.11-00.18.58:212][  0]LogTemp: Display: Loaded TP HTML5TargetPlatform
[2017.10.11-00.18.58:302][  0]LogTemp: Display: Loaded TP IOSTargetPlatform
[2017.10.11-00.18.58:327][  0]LogTemp: Display: Loaded TP TVOSTargetPlatform
[2017.10.11-00.18.58:376][  0]LogTemp: Display: Loaded TP LinuxClientTargetPlatform
[2017.10.11-00.18.58:425][  0]LogTemp: Display: Loaded TP LinuxNoEditorTargetPlatform
[2017.10.11-00.18.58:474][  0]LogTemp: Display: Loaded TP LinuxServerTargetPlatform
[2017.10.11-00.18.58:522][  0]LogTemp: Display: Loaded TP LinuxTargetPlatform
[2017.10.11-00.18.58:522][  0]LogTargetPlatformManager: Display: Building Assets For Windows
[2017.10.11-00.18.58:981][  0]LogDerivedDataCache: Display: Max Cache Size: 512 MB
[2017.10.11-00.18.59:063][  0]LogDerivedDataCache: Loaded boot cache 0.08s 93MB C:/Users/alex-/AppData/Local/UnrealEngine/4.17/DerivedDataCache/Boot.ddc.
[2017.10.11-00.18.59:063][  0]LogDerivedDataCache: Display: Loaded Boot cache: C:/Users/alex-/AppData/Local/UnrealEngine/4.17/DerivedDataCache/Boot.ddc
[2017.10.11-00.18.59:063][  0]LogDerivedDataCache: FDerivedDataBackendGraph:  Pak pak cache file ../../../../../../Users/alex-/OneDrive/Documentos/Unreal Projects/UnrealObstacleCourse/DerivedDataCache/DDC.ddp not found, will not use a pak cache.
[2017.10.11-00.18.59:063][  0]LogDerivedDataCache: Unable to find inner node Pak for hierarchical cache Hierarchy.
[2017.10.11-00.18.59:063][  0]LogDerivedDataCache: FDerivedDataBackendGraph:  CompressedPak pak cache file ../../../../../../Users/alex-/OneDrive/Documentos/Unreal Projects/UnrealObstacleCourse/DerivedDataCache/Compressed.ddp not found, will not use a pak cache.
[2017.10.11-00.18.59:063][  0]LogDerivedDataCache: Unable to find inner node CompressedPak for hierarchical cache Hierarchy.
[2017.10.11-00.18.59:077][  0]LogDerivedDataCache: Display: Pak cache opened for reading ../../../Engine/DerivedDataCache/Compressed.ddp.
[2017.10.11-00.18.59:090][  0]LogDerivedDataCache: Using Local data cache path C:/Users/alex-/AppData/Local/UnrealEngine/Common/DerivedDataCache: Writable
[2017.10.11-00.18.59:099][  0]LogMaterial: Verifying Global Shaders for PCD3D_SM5
[2017.10.11-00.18.59:099][  0]LogSlate: Using Freetype 2.6.0
[2017.10.11-00.18.59:100][  0]LogSlate: SlateFontCache - WITH_FREETYPE: 1, WITH_HARFBUZZ: 1
[2017.10.11-00.18.59:100][  0]LogSlate: SlateFontCache - WITH_FREETYPE: 1, WITH_HARFBUZZ: 1
[2017.10.11-00.18.59:353][  0]LogAssetRegistry: FAssetRegistry took 0.0258 seconds to start up
[2017.10.11-00.18.59:466][  0]LogInit: Selected Device Profile: [Windows]
[2017.10.11-00.18.59:615][  0]LogContentStreaming: Texture pool size is 0.00 MB
[2017.10.11-00.18.59:898][  0]LogSimplygon: Simplygon DLL not present - disabling.
[2017.10.11-00.18.59:939][  0]LogMeshReduction: Using SimplygonSwarm for distributed automatic mesh merging
[2017.10.11-00.18.59:939][  0]LogMeshReduction: Using QuadricMeshReduction for automatic static mesh reduction
[2017.10.11-00.18.59:939][  0]LogMeshReduction: No automatic skeletal mesh reduction module available
[2017.10.11-00.18.59:939][  0]LogMeshReduction: No automatic mesh merging module available
[2017.10.11-00.18.59:939][  0]LogMeshMerging: No automatic mesh merging module available
[2017.10.11-00.19.00:272][  0]LogNetVersion: ObstacleCourse , NetCL: 3573198, EngineNetVer: 2, GameNetVer: 0 (Checksum: 1107714704)
[2017.10.11-00.19.00:489][  0]LogPackageLocalizationCache: Processed 5 localized package path(s) for 2 prioritized culture(s) in 0.057458 seconds
[2017.10.11-00.19.00:494][  0]LogUObjectArray: 35825 objects as part of root set at end of initial load.
[2017.10.11-00.19.00:494][  0]LogUObjectAllocator: 7529112 out of 0 bytes used by permanent object pool.
[2017.10.11-00.19.00:494][  0]LogUObjectArray: CloseDisregardForGC: 0/0 objects in disregard for GC pool
[2017.10.11-00.19.00:548][  0]LogInit: WinSock: version 1.1 (2.2), MaxSocks=32767, MaxUdp=65467
[2017.10.11-00.19.03:048][  0]LogTcpMessaging: Initializing TcpMessaging bridge
[2017.10.11-00.19.03:088][  0]LogUdpMessaging: Initializing bridge on interface 0.0.0.0:0 to multicast group 230.0.0.1:6666.
[2017.10.11-00.19.03:756][  0]LogMaterial: Uniform references updated for custom material expression Custom.
[2017.10.11-00.19.04:170][  0]SourceControl: El control de código fuente está desactivado
[2017.10.11-00.19.04:170][  0]SourceControl: El control de código fuente está desactivado
[2017.10.11-00.19.04:222][  0]SourceControl: El control de código fuente está desactivado
[2017.10.11-00.19.04:272][  0]SourceControl: El control de código fuente está desactivado
[2017.10.11-00.19.04:882][  0]LogAndroidPermission: UAndroidPermissionCallbackProxy::GetInstance
[2017.10.11-00.19.05:138][  0]LogOcInput: OculusInput pre-init called
[2017.10.11-00.19.05:399][  0]LogEngine: Initializing Engine...
[2017.10.11-00.19.05:400][  0]LogHMD: Failed to initialize OpenVR with code 110
[2017.10.11-00.19.05:594][  0]LogStats: UGameplayTagsManager::ConstructGameplayTagTree: Construct from data asset -  0.000 s
[2017.10.11-00.19.05:594][  0]LogStats: UGameplayTagsManager::ConstructGameplayTagTree: GameplayTagTreeChangedEvent.Broadcast -  0.000 s
[2017.10.11-00.19.05:720][  0]LogAIModule: Creating AISystem for world Untitled
[2017.10.11-00.19.05:732][  0]LogInit: XAudio2 using 'Altavoces (Realtek High Definition Audio)' : 2 channels at 48 kHz using 32 bits per sample (channel mask 0x3)
[2017.10.11-00.19.05:757][  0]LogInit: FAudioDevice initialized.
[2017.10.11-00.19.05:839][  0]LogDerivedDataCache: Saved boot cache 0.08s 93MB C:/Users/alex-/AppData/Local/UnrealEngine/4.17/DerivedDataCache/Boot.ddc.
[2017.10.11-00.19.05:844][  0]LogInit: Texture streaming: Enabled
[2017.10.11-00.19.05:945][  0]LogEngineSessionManager: EngineSessionManager initialized
[2017.10.11-00.19.06:163][  0]LogInit: Transaction tracking system initialized
[2017.10.11-00.19.06:475][  0]BlueprintLog: New page: Cargar el editor
[2017.10.11-00.19.07:356][  0]LocalizationService: Localization service is disabled
[2017.10.11-00.19.08:049][  0]LogConsoleResponse: Display: 
[2017.10.11-00.19.08:242][  0]LogCook: Display: Max memory allowance for cook 16384mb min free memory 0mb
[2017.10.11-00.19.08:242][  0]LogCook: Display: Mobile HDR setting 1
[2017.10.11-00.19.08:242][  0]LogGameplayTags: Display: UGameplayTagsManager::DoneAddingNativeTags. DelegateIsBound: 0
[2017.10.11-00.19.08:304][  0]LogFileCache: Scanning file cache for directory 'C:/Users/alex-/OneDrive/Documentos/Unreal Projects/UnrealObstacleCourse/Content/' took 0.02s
[2017.10.11-00.19.09:430][  0]SourceControl: El control de código fuente está desactivado
[2017.10.11-00.19.09:430][  0]Cmd: MAP LOAD FILE="../../../../../../Users/alex-/OneDrive/Documentos/Unreal Projects/UnrealObstacleCourse/Content/FirstPersonBP/Maps/FirstPersonExampleMap.umap" TEMPLATE=0 SHOWPROGRESS=1 FEATURELEVEL=3
[2017.10.11-00.19.09:430][  0]LightingResults: New page: Diseñar la iluminación
[2017.10.11-00.19.09:474][  0]MapCheck: New page: Revisión del mapa
[2017.10.11-00.19.09:474][  0]LightingResults: New page: Diseñar la iluminación
[2017.10.11-00.19.10:216][  0]LogAIModule: Creating AISystem for world FirstPersonExampleMap
[2017.10.11-00.19.10:624][  0]LogEditorServer: Finished looking for orphan Actors (0.000 secs)
[2017.10.11-00.19.10:730][  0]Cmd: MAP CHECKDEP NOCLEARLOG
[2017.10.11-00.19.10:814][  0]MapCheck: Map check complete: 0 Error(s), 0 Warning(s), took 84,117ms to complete.
[2017.10.11-00.19.10:815][  0]LogFileHelpers: Loading map 'FirstPersonExampleMap' took 1.385
[2017.10.11-00.19.10:879][  0]LogWindowsTextInputMethodSystem: Display: IME system now deactivated.
[2017.10.11-00.19.10:956][  0]LogCollectionManager: Loaded 0 collections in 0.002373 seconds
[2017.10.11-00.19.11:040][  0]LogFileCache: Scanning file cache for directory 'C:/Users/alex-/OneDrive/Documentos/Unreal Projects/UnrealObstacleCourse/Saved/Collections/' took 0.01s
[2017.10.11-00.19.11:040][  0]LogFileCache: Scanning file cache for directory 'C:/Users/alex-/OneDrive/Documentos/Unreal Projects/UnrealObstacleCourse/Content/Developers/alex/Collections/' took 0.01s
[2017.10.11-00.19.11:040][  0]LogFileCache: Scanning file cache for directory 'C:/Users/alex-/OneDrive/Documentos/Unreal Projects/UnrealObstacleCourse/Content/Collections/' took 0.01s
[2017.10.11-00.19.11:040][  0]LogCollectionManager: Rebuilt the GUID cache for 0 collections in 0.000000 seconds
[2017.10.11-00.19.11:048][  0]LogContentBrowser: Native class hierarchy populated in 0.0080 seconds. Added 2386 classes and 500 folders.
[2017.10.11-00.19.11:112][  0]LogContentBrowser: Native class hierarchy updated for 'WidgetCarousel' in 0.0005 seconds. Added 0 classes and 0 folders.
[2017.10.11-00.19.11:162][  0]LogContentBrowser: Native class hierarchy updated for 'AddContentDialog' in 0.0006 seconds. Added 0 classes and 0 folders.
[2017.10.11-00.19.11:205][  0]LogContentBrowser: Native class hierarchy updated for 'SceneOutliner' in 0.0006 seconds. Added 1 classes and 2 folders.
[2017.10.11-00.19.11:224][  0]LogSlate: Took 0.000266 seconds to synchronously load lazily loaded font '../../../Engine/Content/Slate/Fonts/Roboto-Regular.ttf' (155K)
[2017.10.11-00.19.11:226][  0]LogSlate: Took 0.000178 seconds to synchronously load lazily loaded font '../../../Engine/Content/Slate/Fonts/Roboto-Bold.ttf' (160K)
[2017.10.11-00.19.11:231][  0]LogSlate: Took 0.000172 seconds to synchronously load lazily loaded font '../../../Engine/Content/Editor/Slate/Fonts/FontAwesome.ttf' (139K)
[2017.10.11-00.19.11:329][  0]LogRenderer: Reallocating scene render targets to support 1208x576 Format 10 NumSamples 1 (Frame:1).
[2017.10.11-00.19.11:488][  0]LogContentBrowser: Native class hierarchy updated for 'HierarchicalLODOutliner' in 0.0006 seconds. Added 1 classes and 2 folders.
[2017.10.11-00.19.11:488][  0]LogLoad: (Engine Initialization) Total time: 17.49 seconds
[2017.10.11-00.19.11:488][  0]LogLoad: (Engine Initialization) Total Blueprint compile time: 0.00 seconds
[2017.10.11-00.19.11:488][  0]LogExternalProfiler: Found external profiler: VSPerf
[2017.10.11-00.19.11:488][  0]LogExternalProfiler: Using external profiler: VSPerf
[2017.10.11-00.19.11:516][  0]LogAssetRegistry: Asset discovery search completed in 12.1844 seconds
[2017.10.11-00.19.11:517][  0]LogCollectionManager: Rebuilt the object cache for 0 collections in 0.000001 seconds (found 0 objects)
[2017.10.11-00.19.11:517][  0]LogCollectionManager: Fixed up redirectors for 0 collections in 0.000029 seconds (updated 0 objects)
[2017.10.11-00.19.11:520][  0]LogContentStreaming: Texture pool size now 1000 MB
[2017.10.11-00.19.11:563][  0]LogSlate: Took 0.000263 seconds to synchronously load lazily loaded font '../../../Engine/Content/Slate/Fonts/Roboto-Light.ttf' (159K)
[2017.10.11-00.19.15:678][488]LogEditorViewport: Clicking on Actor (LMB): StaticMeshActor (Wall3)
[2017.10.11-00.19.18:689][838]LogEditorViewport: Clicking on Actor (LMB): StaticMeshActor (Wall3)
[2017.10.11-00.19.19:510][934]LogEditorViewport: Clicking on Actor (LMB): StaticMeshActor (Wall3)
[2017.10.11-00.19.20:025][993]LogEditorViewport: Clicking on Actor (LMB): FirstPersonCharacter_C (FirstPersonCharacter)
[2017.10.11-00.19.20:737][ 66]LogEditorViewport: Clicking on Actor (LMB): StaticMeshActor (Floor)
[2017.10.11-00.19.21:882][193]LogEditorViewport: Clicking on Actor (LMB): StaticMeshActor (Floor)
[2017.10.11-00.19.22:830][304]LogEditorViewport: Clicking on Actor (LMB): FirstPersonCharacter_C (FirstPersonCharacter)
[2017.10.11-00.19.26:049][676]LogEditorViewport: Clicking on Actor (LMB): BP_Sky_Sphere_C (SkySphereBlueprint)
[2017.10.11-00.19.31:497][293]LogEditorViewport: Clicking on Actor (LMB): FirstPersonCharacter_C (FirstPersonCharacter)
[2017.10.11-00.19.34:819][677]LogTemp: Repeating last play command: Selected Viewport
[2017.10.11-00.19.34:858][677]LogBlueprintUserMessages: Early PlayInEditor Detection: Level '/Game/FirstPersonBP/Maps/FirstPersonExampleMap.FirstPersonExampleMap:PersistentLevel' has LevelScriptBlueprint '/Game/FirstPersonBP/Maps/FirstPersonExampleMap.FirstPersonExampleMap:PersistentLevel.FirstPersonExampleMap' with GeneratedClass '/Game/FirstPersonBP/Maps/FirstPersonExampleMap.FirstPersonExampleMap_C' with ClassGeneratedBy '/Game/FirstPersonBP/Maps/FirstPersonExampleMap.FirstPersonExampleMap:PersistentLevel.FirstPersonExampleMap'
[2017.10.11-00.19.34:858][677]LogPlayLevel: PlayLevel: No blueprints needed recompiling
[2017.10.11-00.19.34:858][677]PIE: New page: Sesión PIE (reproducción en el editor): FirstPersonExampleMap (11/10/2017 4:19:34)
[2017.10.11-00.19.34:858][677]LogPlayLevel: Creating play world package: /Game/FirstPersonBP/Maps/UEDPIE_0_FirstPersonExampleMap
[2017.10.11-00.19.34:934][677]LogPlayLevel: PIE: StaticDuplicateObject took: (0.075982s)
[2017.10.11-00.19.34:935][677]LogAIModule: Creating AISystem for world FirstPersonExampleMap
[2017.10.11-00.19.34:935][677]LogPlayLevel: PIE: World Init took: (0.000783s)
[2017.10.11-00.19.34:935][677]LogPlayLevel: PIE: Created PIE world by copying editor world from /Game/FirstPersonBP/Maps/FirstPersonExampleMap.FirstPersonExampleMap to /Game/FirstPersonBP/Maps/UEDPIE_0_FirstPersonExampleMap.FirstPersonExampleMap (0.077067s)
[2017.10.11-00.19.34:982][677]LogInit: XAudio2 using 'Altavoces (Realtek High Definition Audio)' : 2 channels at 48 kHz using 32 bits per sample (channel mask 0x3)
[2017.10.11-00.19.34:992][677]LogInit: FAudioDevice initialized.
[2017.10.11-00.19.35:032][677]LogLoad: Game class is 'FirstPersonGameMode_C'
[2017.10.11-00.19.35:057][677]LogWorld: Bringing World /Game/FirstPersonBP/Maps/UEDPIE_0_FirstPersonExampleMap.FirstPersonExampleMap up for play (max tick rate 0) at 2017.10.11-02.19.35
[2017.10.11-00.19.35:058][677]LogWorld: Bringing up level for play took: 0.024411
[2017.10.11-00.19.35:101][677]LogContentBrowser: Native class hierarchy updated for 'MovieSceneCapture' in 0.0006 seconds. Added 11 classes and 0 folders.
[2017.10.11-00.19.35:102][677]PIE: Tiempo de inicio de la reproducción en el editor para  /Game/FirstPersonBP/Maps/UEDPIE_0_FirstPersonExampleMap -0,08
[2017.10.11-00.19.35:102][677]LogBlueprintUserMessages: Late PlayInEditor Detection: Level '/Game/FirstPersonBP/Maps/FirstPersonExampleMap.FirstPersonExampleMap:PersistentLevel' has LevelScriptBlueprint '/Game/FirstPersonBP/Maps/FirstPersonExampleMap.FirstPersonExampleMap:PersistentLevel.FirstPersonExampleMap' with GeneratedClass '/Game/FirstPersonBP/Maps/FirstPersonExampleMap.FirstPersonExampleMap_C' with ClassGeneratedBy '/Game/FirstPersonBP/Maps/FirstPersonExampleMap.FirstPersonExampleMap:PersistentLevel.FirstPersonExampleMap'
[2017.10.11-00.19.43:490][679]LogBlueprintUserMessages: Early EndPlayMap Detection: Level '/Game/FirstPersonBP/Maps/FirstPersonExampleMap.FirstPersonExampleMap:PersistentLevel' has LevelScriptBlueprint '/Game/FirstPersonBP/Maps/FirstPersonExampleMap.FirstPersonExampleMap:PersistentLevel.FirstPersonExampleMap' with GeneratedClass '/Game/FirstPersonBP/Maps/FirstPersonExampleMap.FirstPersonExampleMap_C' with ClassGeneratedBy '/Game/FirstPersonBP/Maps/FirstPersonExampleMap.FirstPersonExampleMap:PersistentLevel.FirstPersonExampleMap'
[2017.10.11-00.19.43:555][679]LogBlueprintUserMessages: Late EndPlayMap Detection: Level '/Game/FirstPersonBP/Maps/FirstPersonExampleMap.FirstPersonExampleMap:PersistentLevel' has LevelScriptBlueprint '/Game/FirstPersonBP/Maps/FirstPersonExampleMap.FirstPersonExampleMap:PersistentLevel.FirstPersonExampleMap' with GeneratedClass '/Game/FirstPersonBP/Maps/FirstPersonExampleMap.FirstPersonExampleMap_C' with ClassGeneratedBy '/Game/FirstPersonBP/Maps/FirstPersonExampleMap.FirstPersonExampleMap:PersistentLevel.FirstPersonExampleMap'
[2017.10.11-00.19.45:220][866]LogSlate: Took 0.000234 seconds to synchronously load lazily loaded font '../../../Engine/Content/Editor/Slate/Fonts/Roboto-Italic.ttf' (157K)
[2017.10.11-00.20.08:918][664]LogSlate: Took 0.000164 seconds to synchronously load lazily loaded font '../../../Engine/Content/Slate/Fonts/Roboto-Light.ttf' (159K)
[2017.10.11-00.20.54:202][ 50]LogContentBrowser: Native class hierarchy updated for 'BlueprintGraph' in 0.0009 seconds. Added 113 classes and 0 folders.
[2017.10.11-00.20.54:880][ 50]LogRenderer: Reallocating scene render targets to support 1256x712 Format 10 NumSamples 1 (Frame:1).
[2017.10.11-00.21.37:418][337]Cmd: CLOSE_SLATE_MAINFRAME
[2017.10.11-00.21.39:196][338]Cmd: QUIT_EDITOR
[2017.10.11-00.21.39:750][338]LogWindowsTextInputMethodSystem: Display: IME system now deactivated.
[2017.10.11-00.21.39:760][338]LogExit: Preparing to exit.
[2017.10.11-00.21.40:266][338]LogDirectoryWatcher: A directory notification for 'C:/Users/alex-/OneDrive/Documentos/Unreal Projects/UnrealObstacleCourse/Content/' was aborted.
[2017.10.11-00.21.40:303][338]LogExit: Editor shut down
[2017.10.11-00.21.40:305][338]LogExit: Transaction tracking system shut down
[2017.10.11-00.21.40:442][338]LogDirectoryWatcher: A directory notification for '../../../Engine/Content/' was aborted.
[2017.10.11-00.21.40:442][338]LogDirectoryWatcher: A directory notification for '../../../../../../Users/alex-/OneDrive/Documentos/Unreal Projects/UnrealObstacleCourse/Content/' was aborted.
[2017.10.11-00.21.40:442][338]LogDirectoryWatcher: A directory notification for '../../../Engine/Plugins/2D/Paper2D/Content/' was aborted.
[2017.10.11-00.21.40:442][338]LogDirectoryWatcher: A directory notification for '../../../Engine/Plugins/Runtime/Oculus/OculusVR/Content/' was aborted.
[2017.10.11-00.21.40:442][338]LogDirectoryWatcher: A directory notification for '../../../Engine/Plugins/Runtime/Steam/SteamVR/Content/' was aborted.
[2017.10.11-00.21.40:514][338]LogExit: Object subsystem successfully closed.
[2017.10.11-00.21.40:532][338]LogD3D11RHI: Shutdown
[2017.10.11-00.21.40:532][338]LogD3D11RHI: CleanupD3DDevice
[2017.10.11-00.21.40:597][338]LogD3D11RHI: ~FD3D11DynamicRHI
[2017.10.11-00.21.40:621][338]LogModuleManager: Shutting down and abandoning module BlueprintGraph (536)
[2017.10.11-00.21.40:621][338]LogModuleManager: Shutting down and abandoning module BlueprintProfiler (534)
[2017.10.11-00.21.40:621][338]LogModuleManager: Shutting down and abandoning module MovieSceneCapture (532)
[2017.10.11-00.21.40:621][338]LogModuleManager: Shutting down and abandoning module HierarchicalLODOutliner (530)
[2017.10.11-00.21.40:621][338]LogModuleManager: Shutting down and abandoning module SceneOutliner (528)
[2017.10.11-00.21.40:621][338]LogModuleManager: Shutting down and abandoning module AddContentDialog (526)
[2017.10.11-00.21.40:621][338]LogDirectoryWatcher: A directory notification for 'C:/Program Files/Epic Games/UE_4.17/FeaturePacks/' was aborted.
[2017.10.11-00.21.40:622][338]LogModuleManager: Shutting down and abandoning module WidgetCarousel (525)
[2017.10.11-00.21.40:622][338]LogModuleManager: Shutting down and abandoning module EditorWidgets (522)
[2017.10.11-00.21.40:622][338]LogModuleManager: Shutting down and abandoning module CollectionManager (520)
[2017.10.11-00.21.40:622][338]LogDirectoryWatcher: A directory notification for 'C:/Users/alex-/OneDrive/Documentos/Unreal Projects/UnrealObstacleCourse/Content/Collections/' was aborted.
[2017.10.11-00.21.40:622][338]LogDirectoryWatcher: A directory notification for 'C:/Users/alex-/OneDrive/Documentos/Unreal Projects/UnrealObstacleCourse/Content/Developers/alex/Collections/' was aborted.
[2017.10.11-00.21.40:622][338]LogDirectoryWatcher: A directory notification for 'C:/Users/alex-/OneDrive/Documentos/Unreal Projects/UnrealObstacleCourse/Saved/Collections/' was aborted.
[2017.10.11-00.21.40:622][338]LogModuleManager: Shutting down and abandoning module StatsViewer (518)
[2017.10.11-00.21.40:622][338]LogModuleManager: Shutting down and abandoning module FoliageEdit (516)
[2017.10.11-00.21.40:622][338]LogModuleManager: Shutting down and abandoning module LandscapeEditor (514)
[2017.10.11-00.21.40:622][338]LogModuleManager: Shutting down and abandoning module MeshPaintMode (512)
[2017.10.11-00.21.40:622][338]LogModuleManager: Shutting down and abandoning module SceneDepthPickerMode (510)
[2017.10.11-00.21.40:622][338]LogModuleManager: Shutting down and abandoning module ActorPickerMode (508)
[2017.10.11-00.21.40:622][338]LogModuleManager: Shutting down and abandoning module GeometryMode (506)
[2017.10.11-00.21.40:622][338]LogModuleManager: Shutting down and abandoning module TextureAlignMode (504)
[2017.10.11-00.21.40:622][338]LogModuleManager: Shutting down and abandoning module BspMode (502)
[2017.10.11-00.21.40:622][338]LogModuleManager: Shutting down and abandoning module PIEPreviewDeviceProfileSelector (500)
[2017.10.11-00.21.40:622][338]LogModuleManager: Shutting down and abandoning module HardwareSurvey (498)
[2017.10.11-00.21.40:622][338]LogModuleManager: Shutting down and abandoning module SequenceRecorderSections (496)
[2017.10.11-00.21.40:622][338]LogModuleManager: Shutting down and abandoning module AutomationWorker (494)
[2017.10.11-00.21.40:622][338]LogModuleManager: Shutting down and abandoning module MatineeToLevelSequence (492)
[2017.10.11-00.21.40:622][338]LogModuleManager: Shutting down and abandoning module LevelSequenceEditor (490)
[2017.10.11-00.21.40:622][338]LogModuleManager: Shutting down and abandoning module PlacementMode (489)
[2017.10.11-00.21.40:622][338]LogModuleManager: Shutting down and abandoning module WmfMediaFactory (486)
[2017.10.11-00.21.40:622][338]LogModuleManager: Shutting down and abandoning module WmfMediaEditor (484)
[2017.10.11-00.21.40:622][338]LogModuleManager: Shutting down and abandoning module AvfMediaFactory (482)
[2017.10.11-00.21.40:622][338]LogModuleManager: Shutting down and abandoning module AvfMediaEditor (480)
[2017.10.11-00.21.40:622][338]LogModuleManager: Shutting down and abandoning module AndroidMediaFactory (478)
[2017.10.11-00.21.40:622][338]LogModuleManager: Shutting down and abandoning module Media (477)
[2017.10.11-00.21.40:622][338]LogModuleManager: Shutting down and abandoning module AndroidMediaEditor (474)
[2017.10.11-00.21.40:622][338]LogModuleManager: Shutting down and abandoning module CharacterAI (472)
[2017.10.11-00.21.40:622][338]LogModuleManager: Shutting down and abandoning module AudioCapture (470)
[2017.10.11-00.21.40:622][338]LogModuleManager: Shutting down and abandoning module SequenceRecorder (469)
[2017.10.11-00.21.40:622][338]LogModuleManager: Shutting down and abandoning module SmartSnapping (466)
[2017.10.11-00.21.40:622][338]LogModuleManager: Shutting down and abandoning module SessionServices (464)
[2017.10.11-00.21.40:622][338]LogModuleManager: Shutting down and abandoning module ViewportSnapping (462)
[2017.10.11-00.21.40:622][338]LogModuleManager: Shutting down and abandoning module ViewportInteraction (460)
[2017.10.11-00.21.40:622][338]LogModuleManager: Shutting down and abandoning module ClothPainter (458)
[2017.10.11-00.21.40:622][338]LogModuleManager: Shutting down and abandoning module LogVisualizer (456)
[2017.10.11-00.21.40:623][338]LogModuleManager: Shutting down and abandoning module IntroTutorials (454)
[2017.10.11-00.21.40:623][338]LogModuleManager: Shutting down and abandoning module GameProjectGeneration (453)
[2017.10.11-00.21.40:623][338]LogModuleManager: Shutting down and abandoning module IOSPlatformEditor (450)
[2017.10.11-00.21.40:623][338]LogModuleManager: Shutting down and abandoning module HTML5PlatformEditor (448)
[2017.10.11-00.21.40:623][338]LogModuleManager: Shutting down and abandoning module AndroidPlatformEditor (446)
[2017.10.11-00.21.40:623][338]LogModuleManager: Shutting down and abandoning module AndroidDeviceDetection (445)
[2017.10.11-00.21.40:790][338]LogModuleManager: Shutting down and abandoning module WindowsPlatformEditor (442)
[2017.10.11-00.21.40:790][338]LogModuleManager: Shutting down and abandoning module IOSRuntimeSettings (440)
[2017.10.11-00.21.40:790][338]LogModuleManager: Shutting down and abandoning module AndroidRuntimeSettings (438)
[2017.10.11-00.21.40:790][338]LogModuleManager: Shutting down and abandoning module InputBindingEditor (436)
[2017.10.11-00.21.40:790][338]LogModuleManager: Shutting down and abandoning module MergeActors (434)
[2017.10.11-00.21.40:790][338]LogModuleManager: Shutting down and abandoning module SizeMap (432)
[2017.10.11-00.21.40:790][338]LogModuleManager: Shutting down and abandoning module TreeMap (430)
[2017.10.11-00.21.40:790][338]LogModuleManager: Shutting down and abandoning module ReferenceViewer (428)
[2017.10.11-00.21.40:790][338]LogModuleManager: Shutting down and abandoning module LocalizationDashboard (426)
[2017.10.11-00.21.40:790][338]LogModuleManager: Shutting down and abandoning module LocalizationService (425)
[2017.10.11-00.21.40:790][338]LogModuleManager: Shutting down and abandoning module HardwareTargeting (422)
[2017.10.11-00.21.40:790][338]LogModuleManager: Shutting down and abandoning module DeviceProfileEditor (420)
[2017.10.11-00.21.40:790][338]LogModuleManager: Shutting down and abandoning module UndoHistory (418)
[2017.10.11-00.21.40:790][338]LogModuleManager: Shutting down and abandoning module XmlParser (416)
[2017.10.11-00.21.40:790][338]LogModuleManager: Shutting down and abandoning module Blutility (414)
[2017.10.11-00.21.40:790][338]LogModuleManager: Shutting down and abandoning module ProjectSettingsViewer (412)
[2017.10.11-00.21.40:790][338]LogModuleManager: Shutting down and abandoning module ProjectTargetPlatformEditor (411)
[2017.10.11-00.21.40:790][338]LogModuleManager: Shutting down and abandoning module EditorSettingsViewer (408)
[2017.10.11-00.21.40:791][338]LogModuleManager: Shutting down and abandoning module SettingsEditor (406)
[2017.10.11-00.21.40:791][338]LogModuleManager: Shutting down and abandoning module ProjectLauncher (404)
[2017.10.11-00.21.40:791][338]LogModuleManager: Shutting down and abandoning module SessionFrontend (402)
[2017.10.11-00.21.40:791][338]LogModuleManager: Shutting down and abandoning module ProfilerClient (400)
[2017.10.11-00.21.40:791][338]LogModuleManager: Shutting down and abandoning module DeviceManager (398)
[2017.10.11-00.21.40:791][338]LogModuleManager: Shutting down and abandoning module TargetDeviceServices (397)
[2017.10.11-00.21.40:857][338]LogModuleManager: Shutting down and abandoning module AutomationController (394)
[2017.10.11-00.21.40:857][338]LogModuleManager: Shutting down and abandoning module AutomationWindow (392)
[2017.10.11-00.21.40:857][338]LogModuleManager: Shutting down and abandoning module Layers (390)
[2017.10.11-00.21.40:857][338]LogModuleManager: Shutting down and abandoning module ComponentVisualizers (388)
[2017.10.11-00.21.40:857][338]LogModuleManager: Shutting down and abandoning module DetailCustomizations (386)
[2017.10.11-00.21.40:857][338]LogModuleManager: Shutting down and abandoning module PackagesDialog (384)
[2017.10.11-00.21.40:857][338]LogModuleManager: Shutting down and abandoning module Persona (382)
[2017.10.11-00.21.40:857][338]LogModuleManager: Shutting down and abandoning module AdvancedPreviewScene (381)
[2017.10.11-00.21.40:857][338]LogModuleManager: Shutting down and abandoning module AnimGraph (379)
[2017.10.11-00.21.40:857][338]LogModuleManager: Shutting down and abandoning module Kismet (376)
[2017.10.11-00.21.40:863][338]LogModuleManager: Shutting down and abandoning module ClassViewer (374)
[2017.10.11-00.21.40:864][338]LogModuleManager: Shutting down and abandoning module Toolbox (372)
[2017.10.11-00.21.40:864][338]LogModuleManager: Shutting down and abandoning module ModuleUI (370)
[2017.10.11-00.21.40:864][338]LogModuleManager: Shutting down and abandoning module MovieSceneTools (368)
[2017.10.11-00.21.40:864][338]LogModuleManager: Shutting down and abandoning module OutputLog (366)
[2017.10.11-00.21.40:864][338]LogModuleManager: Shutting down and abandoning module GammaUI (364)
[2017.10.11-00.21.40:864][338]LogModuleManager: Shutting down and abandoning module Documentation (362)
[2017.10.11-00.21.40:864][338]LogModuleManager: Shutting down and abandoning module MovieSceneTracks (360)
[2017.10.11-00.21.40:864][338]LogModuleManager: Shutting down and abandoning module MovieScene (358)
[2017.10.11-00.21.40:864][338]LogModuleManager: Shutting down and abandoning module Niagara (356)
[2017.10.11-00.21.40:864][338]LogModuleManager: Shutting down and abandoning module NiagaraEditor (355)
[2017.10.11-00.21.40:864][338]LogModuleManager: Shutting down and abandoning module StreamingPauseRendering (352)
[2017.10.11-00.21.40:864][338]LogModuleManager: Shutting down and abandoning module LauncherPlatform (350)
[2017.10.11-00.21.40:864][338]LogModuleManager: Shutting down and abandoning module AnalyticsET (348)
[2017.10.11-00.21.40:864][338]LogModuleManager: Shutting down and abandoning module PortalServices (346)
[2017.10.11-00.21.40:864][338]LogModuleManager: Shutting down and abandoning module PortalRpc (344)
[2017.10.11-00.21.40:864][338]LogModuleManager: Shutting down and abandoning module MessagingRpc (342)
[2017.10.11-00.21.40:864][338]LogModuleManager: Shutting down and abandoning module AIModule (340)
[2017.10.11-00.21.40:864][338]LogModuleManager: Shutting down and abandoning module GameplayDebugger (339)
[2017.10.11-00.21.40:864][338]LogModuleManager: Shutting down and abandoning module AITestSuite (337)
[2017.10.11-00.21.40:864][338]LogModuleManager: Shutting down and abandoning module ProfilerService (334)
[2017.10.11-00.21.41:043][338]LogModuleManager: Shutting down and abandoning module TaskGraph (332)
[2017.10.11-00.21.41:043][338]LogModuleManager: Shutting down and abandoning module SteamVRController (330)
[2017.10.11-00.21.41:043][338]LogModuleManager: Shutting down and abandoning module ProceduralMeshComponentEditor (328)
[2017.10.11-00.21.41:043][338]LogModuleManager: Shutting down and abandoning module ProceduralMeshComponent (326)
[2017.10.11-00.21.41:043][338]LogModuleManager: Shutting down and abandoning module OculusInput (324)
[2017.10.11-00.21.41:043][338]LogModuleManager: Shutting down and abandoning module MobilePatchingUtils (322)
[2017.10.11-00.21.41:043][338]LogModuleManager: Shutting down and abandoning module CustomMeshComponent (320)
[2017.10.11-00.21.41:043][338]LogModuleManager: Shutting down and abandoning module CableComponent (318)
[2017.10.11-00.21.41:043][338]LogModuleManager: Shutting down and abandoning module ArchVisCharacter (316)
[2017.10.11-00.21.41:043][338]LogModuleManager: Shutting down and abandoning module AndroidPermission (314)
[2017.10.11-00.21.41:043][338]LogModuleManager: Shutting down and abandoning module MediaPlayerEditor (310)
[2017.10.11-00.21.41:043][338]LogModuleManager: Shutting down and abandoning module HTML5Networking (308)
[2017.10.11-00.21.41:043][338]LogModuleManager: Shutting down and abandoning module AlembicImporter (306)
[2017.10.11-00.21.41:043][338]LogModuleManager: Shutting down and abandoning module AlembicLibrary (305)
[2017.10.11-00.21.41:043][338]LogModuleManager: Shutting down and abandoning module GeometryCache (304)
[2017.10.11-00.21.41:043][338]LogModuleManager: Shutting down and abandoning module GeometryCacheEd (303)
[2017.10.11-00.21.41:043][338]LogModuleManager: Shutting down and abandoning module SpeedTreeImporter (298)
[2017.10.11-00.21.41:043][338]LogModuleManager: Shutting down and abandoning module PluginBrowser (296)
[2017.10.11-00.21.41:043][338]LogModuleManager: Shutting down and abandoning module MobileLauncherProfileWizard (294)
[2017.10.11-00.21.41:043][338]LogModuleManager: Shutting down and abandoning module VisualStudioSourceCodeAccess (292)
[2017.10.11-00.21.41:044][338]LogModuleManager: Shutting down and abandoning module DesktopPlatform (291)
[2017.10.11-00.21.41:044][338]LogModuleManager: Shutting down and abandoning module UObjectPlugin (288)
[2017.10.11-00.21.41:044][338]LogModuleManager: Shutting down and abandoning module SubversionSourceControl (286)
[2017.10.11-00.21.41:044][338]LogModuleManager: Shutting down and abandoning module PerforceSourceControl (284)
[2017.10.11-00.21.41:044][338]LogModuleManager: Shutting down and abandoning module GitSourceControl (282)
[2017.10.11-00.21.41:044][338]LogModuleManager: Shutting down and abandoning module SourceControl (281)
[2017.10.11-00.21.41:044][338]LogModuleManager: Shutting down and abandoning module LightPropagationVolumeEditor (278)
[2017.10.11-00.21.41:044][338]LogModuleManager: Shutting down and abandoning module PaperTiledImporter (276)
[2017.10.11-00.21.41:044][338]LogModuleManager: Shutting down and abandoning module PaperSpriteSheetImporter (274)
[2017.10.11-00.21.41:044][338]LogModuleManager: Shutting down and abandoning module Paper2DEditor (272)
[2017.10.11-00.21.41:044][338]LogModuleManager: Shutting down and abandoning module MeshPaint (271)
[2017.10.11-00.21.41:044][338]LogModuleManager: Shutting down and abandoning module LevelEditor (269)
[2017.10.11-00.21.41:045][338]LogModuleManager: Shutting down and abandoning module PixelInspectorModule (268)
[2017.10.11-00.21.41:045][338]LogModuleManager: Shutting down and abandoning module MainFrame (266)
[2017.10.11-00.21.41:045][338]LogModuleManager: Shutting down and abandoning module HotReload (265)
[2017.10.11-00.21.41:045][338]LogModuleManager: Shutting down and abandoning module RuntimePhysXCooking (260)
[2017.10.11-00.21.41:045][338]LogModuleManager: Shutting down and abandoning module PhysXVehiclesEditor (258)
[2017.10.11-00.21.41:045][338]LogModuleManager: Shutting down and abandoning module PhysXVehicles (256)
[2017.10.11-00.21.41:045][338]LogModuleManager: Shutting down and abandoning module OculusEditor (254)
[2017.10.11-00.21.41:045][338]LogModuleManager: Shutting down and abandoning module LocationServicesBPLibrary (252)
[2017.10.11-00.21.41:045][338]LogModuleManager: Shutting down and abandoning module ImmediatePhysicsEditor (250)
[2017.10.11-00.21.41:045][338]LogModuleManager: Shutting down and abandoning module ImmediatePhysics (248)
[2017.10.11-00.21.41:045][338]LogModuleManager: Shutting down and abandoning module UdpMessaging (246)
[2017.10.11-00.21.41:146][338]LogModuleManager: Shutting down and abandoning module TcpMessaging (244)
[2017.10.11-00.21.41:247][338]LogModuleManager: Shutting down and abandoning module GameplayTagsEditor (242)
[2017.10.11-00.21.41:247][338]LogModuleManager: Shutting down and abandoning module FacialAnimationEditor (240)
[2017.10.11-00.21.41:247][338]LogModuleManager: Shutting down and abandoning module FacialAnimation (238)
[2017.10.11-00.21.41:247][338]LogModuleManager: Shutting down and abandoning module AssetManagerEditor (236)
[2017.10.11-00.21.41:247][338]LogModuleManager: Shutting down and abandoning module GraphEditor (235)
[2017.10.11-00.21.41:247][338]LogModuleManager: Shutting down and abandoning module ContentBrowser (233)
[2017.10.11-00.21.41:248][338]LogModuleManager: Shutting down and abandoning module LightPropagationVolumeRuntime (230)
[2017.10.11-00.21.41:248][338]LogModuleManager: Shutting down and abandoning module Paper2D (228)
[2017.10.11-00.21.41:248][338]LogModuleManager: Shutting down and abandoning module WindowsMoviePlayer (226)
[2017.10.11-00.21.41:248][338]LogModuleManager: Shutting down and abandoning module WmfMedia (224)
[2017.10.11-00.21.41:248][338]LogModuleManager: Shutting down and abandoning module PacketHandler (222)
[2017.10.11-00.21.41:248][338]LogModuleManager: Shutting down and abandoning module ClothingSystemEditor (220)
[2017.10.11-00.21.41:248][338]LogModuleManager: Shutting down and abandoning module ClothingSystemRuntime (218)
[2017.10.11-00.21.41:248][338]LogModuleManager: Shutting down and abandoning module Overlay (216)
[2017.10.11-00.21.41:248][338]LogModuleManager: Shutting down and abandoning module OverlayEditor (215)
[2017.10.11-00.21.41:248][338]LogModuleManager: Shutting down and abandoning module MediaAssets (212)
[2017.10.11-00.21.41:248][338]LogModuleManager: Shutting down and abandoning module VREditor (210)
[2017.10.11-00.21.41:248][338]LogModuleManager: Shutting down and abandoning module StringTableEditor (208)
[2017.10.11-00.21.41:248][338]LogModuleManager: Shutting down and abandoning module GameplayTasksEditor (206)
[2017.10.11-00.21.41:248][338]LogModuleManager: Shutting down and abandoning module BehaviorTreeEditor (204)
[2017.10.11-00.21.41:248][338]LogModuleManager: Shutting down and abandoning module FunctionalTesting (202)
[2017.10.11-00.21.41:248][338]LogModuleManager: Shutting down and abandoning module CollisionAnalyzer (200)
[2017.10.11-00.21.41:248][338]LogModuleManager: Shutting down and abandoning module WorkspaceMenuStructure (199)
[2017.10.11-00.21.41:248][338]LogModuleManager: Shutting down and abandoning module UMG (196)
[2017.10.11-00.21.41:248][338]LogModuleManager: Shutting down and abandoning module UMGEditor (195)
[2017.10.11-00.21.41:248][338]LogModuleManager: Shutting down and abandoning module Sequencer (194)
[2017.10.11-00.21.41:248][338]LogModuleManager: Shutting down and abandoning module MessageLog (191)
[2017.10.11-00.21.41:248][338]LogModuleManager: Shutting down and abandoning module SlateReflector (186)
[2017.10.11-00.21.41:248][338]LogModuleManager: Shutting down and abandoning module Slate (184)
[2017.10.11-00.21.41:248][338]LogModuleManager: Shutting down and abandoning module EditorStyle (182)
[2017.10.11-00.21.41:251][338]LogModuleManager: Shutting down and abandoning module MRMesh (180)
[2017.10.11-00.21.41:251][338]LogModuleManager: Shutting down and abandoning module SourceCodeAccess (178)
[2017.10.11-00.21.41:251][338]LogModuleManager: Shutting down and abandoning module HeadMountedDisplay (176)
[2017.10.11-00.21.41:251][338]LogModuleManager: Shutting down and abandoning module XAudio2 (174)
[2017.10.11-00.21.41:251][338]LogModuleManager: Shutting down and abandoning module Networking (172)
[2017.10.11-00.21.41:251][338]LogModuleManager: Shutting down and abandoning module Core (168)
[2017.10.11-00.21.41:251][338]LogModuleManager: Shutting down and abandoning module KismetCompiler (164)
[2017.10.11-00.21.41:251][338]LogModuleManager: Shutting down and abandoning module LevelSequence (162)
[2017.10.11-00.21.41:251][338]LogModuleManager: Shutting down and abandoning module MeshUtilities (160)
[2017.10.11-00.21.41:251][338]LogModuleManager: Shutting down and abandoning module MeshMergeUtilities (159)
[2017.10.11-00.21.41:251][338]LogModuleManager: Shutting down and abandoning module MeshReductionInterface (158)
[2017.10.11-00.21.41:251][338]LogModuleManager: Shutting down and abandoning module SimplygonSwarm (157)
[2017.10.11-00.21.41:251][338]LogModuleManager: Shutting down and abandoning module SimplygonMeshReduction (155)
[2017.10.11-00.21.41:251][338]LogModuleManager: Shutting down and abandoning module QuadricMeshReduction (153)
[2017.10.11-00.21.41:251][338]LogModuleManager: Shutting down and abandoning module MaterialBaking (149)
[2017.10.11-00.21.41:251][338]LogModuleManager: Shutting down and abandoning module DirectoryWatcher (146)
[2017.10.11-00.21.41:251][338]LogModuleManager: Shutting down and abandoning module DerivedDataCache (144)
[2017.10.11-00.21.41:324][338]LogDerivedDataCache: Shutdown
[2017.10.11-00.21.41:324][338]LogModuleManager: Shutting down and abandoning module TargetPlatform (142)
[2017.10.11-00.21.41:324][338]LogModuleManager: Shutting down and abandoning module VulkanShaderFormat (141)
[2017.10.11-00.21.41:324][338]LogModuleManager: Shutting down and abandoning module ShaderFormatVectorVM (139)
[2017.10.11-00.21.41:325][338]LogModuleManager: Shutting down and abandoning module ShaderFormatOpenGL (137)
[2017.10.11-00.21.41:325][338]LogModuleManager: Shutting down and abandoning module ShaderFormatD3D (135)
[2017.10.11-00.21.41:325][338]LogModuleManager: Shutting down and abandoning module MetalShaderFormat (133)
[2017.10.11-00.21.41:325][338]LogModuleManager: Shutting down and abandoning module TextureFormatUncompressed (131)
[2017.10.11-00.21.41:325][338]LogModuleManager: Shutting down and abandoning module TextureFormatPVR (129)
[2017.10.11-00.21.41:325][338]LogModuleManager: Shutting down and abandoning module TextureFormatDXT (127)
[2017.10.11-00.21.41:325][338]LogModuleManager: Shutting down and abandoning module TextureFormatIntelISPCTexComp (125)
[2017.10.11-00.21.41:325][338]LogModuleManager: Shutting down and abandoning module TextureFormatASTC (123)
[2017.10.11-00.21.41:325][338]LogModuleManager: Shutting down and abandoning module ImageWrapper (122)
[2017.10.11-00.21.41:325][338]LogModuleManager: Shutting down and abandoning module TextureFormatAndroid (119)
[2017.10.11-00.21.41:325][338]LogModuleManager: Shutting down and abandoning module AudioFormatOpus (117)
[2017.10.11-00.21.41:325][338]LogModuleManager: Shutting down and abandoning module AudioFormatOgg (115)
[2017.10.11-00.21.41:325][338]LogModuleManager: Shutting down and abandoning module AudioFormatADPCM (113)
[2017.10.11-00.21.41:325][338]LogModuleManager: Shutting down and abandoning module LinuxTargetPlatform (111)
[2017.10.11-00.21.41:325][338]LogModuleManager: Shutting down and abandoning module LinuxServerTargetPlatform (109)
[2017.10.11-00.21.41:325][338]LogModuleManager: Shutting down and abandoning module LinuxNoEditorTargetPlatform (107)
[2017.10.11-00.21.41:325][338]LogModuleManager: Shutting down and abandoning module LinuxClientTargetPlatform (105)
[2017.10.11-00.21.41:325][338]LogModuleManager: Shutting down and abandoning module TVOSTargetPlatform (103)
[2017.10.11-00.21.41:325][338]LogModuleManager: Shutting down and abandoning module Messaging (101)
[2017.10.11-00.21.41:325][338]LogModuleManager: Shutting down and abandoning module IOSTargetPlatform (99)
[2017.10.11-00.21.41:325][338]LogModuleManager: Shutting down and abandoning module HTML5TargetPlatform (97)
[2017.10.11-00.21.41:325][338]LogModuleManager: Shutting down and abandoning module Android_PVRTCTargetPlatform (95)
[2017.10.11-00.21.41:325][338]LogModuleManager: Shutting down and abandoning module Android_MultiTargetPlatform (93)
[2017.10.11-00.21.41:325][338]LogModuleManager: Shutting down and abandoning module Android_ETC2TargetPlatform (91)
[2017.10.11-00.21.41:325][338]LogModuleManager: Shutting down and abandoning module Android_ETC1TargetPlatform (89)
[2017.10.11-00.21.41:325][338]LogModuleManager: Shutting down and abandoning module Android_DXTTargetPlatform (87)
[2017.10.11-00.21.41:325][338]LogModuleManager: Shutting down and abandoning module Android_ATCTargetPlatform (85)
[2017.10.11-00.21.41:325][338]LogModuleManager: Shutting down and abandoning module Android_ASTCTargetPlatform (83)
[2017.10.11-00.21.41:325][338]LogModuleManager: Shutting down and abandoning module AndroidTargetPlatform (81)
[2017.10.11-00.21.41:325][338]LogModuleManager: Shutting down and abandoning module WindowsTargetPlatform (79)
[2017.10.11-00.21.41:325][338]LogModuleManager: Shutting down and abandoning module WindowsServerTargetPlatform (77)
[2017.10.11-00.21.41:325][338]LogModuleManager: Shutting down and abandoning module WindowsNoEditorTargetPlatform (75)
[2017.10.11-00.21.41:325][338]LogModuleManager: Shutting down and abandoning module WindowsClientTargetPlatform (73)
[2017.10.11-00.21.41:325][338]LogModuleManager: Shutting down and abandoning module MacTargetPlatform (71)
[2017.10.11-00.21.41:325][338]LogModuleManager: Shutting down and abandoning module MacServerTargetPlatform (69)
[2017.10.11-00.21.41:325][338]LogModuleManager: Shutting down and abandoning module MacNoEditorTargetPlatform (67)
[2017.10.11-00.21.41:325][338]LogModuleManager: Shutting down and abandoning module MacClientTargetPlatform (65)
[2017.10.11-00.21.41:325][338]LogModuleManager: Shutting down and abandoning module AllDesktopTargetPlatform (63)
[2017.10.11-00.21.41:325][338]LogModuleManager: Shutting down and abandoning module InputCore (60)
[2017.10.11-00.21.41:325][338]LogModuleManager: Shutting down and abandoning module Settings (58)
[2017.10.11-00.21.41:325][338]LogModuleManager: Shutting down and abandoning module PhysXCooking (56)
[2017.10.11-00.21.41:325][338]LogModuleManager: Shutting down and abandoning module SteamVR (54)
[2017.10.11-00.21.41:325][338]LogModuleManager: Shutting down and abandoning module OculusHMD (52)
[2017.10.11-00.21.41:325][338]LogModuleManager: Shutting down and abandoning module ExampleDeviceProfileSelector (50)
[2017.10.11-00.21.41:325][338]LogModuleManager: Shutting down and abandoning module OnlineBlueprintSupport (48)
[2017.10.11-00.21.41:325][338]LogModuleManager: Shutting down and abandoning module OnlineSubsystem (44)
[2017.10.11-00.21.41:325][338]LogOnline: Display: Unloading online subsystem: NULL
[2017.10.11-00.21.41:325][338]LogModuleManager: Shutting down and abandoning module XMPP (43)
[2017.10.11-00.21.41:325][338]LogModuleManager: Shutting down and abandoning module HTTP (41)
[2017.10.11-00.21.41:325][338]LogHttp: Display: Http module shutting down, but needs to wait on 1 outstanding Http requests:
[2017.10.11-00.21.41:325][338]LogHttp: Display: 	verb=[POST] url=[https://datarouter.ol.epicgames.com/datarouter/api/v1/public/data?SessionID=%7BAD8E80AE-471D-97DB-43EB-D6A6555214D8%7D&AppID=UEEditor.Rocket.Release&AppVersion=4.17.2-3658906%2B%2B%2BUE4%2BRelease-4.17&UserID=1baa3d8f43d4b6cb116607859738c436%7C0a95559aa827403f9d83993ea42f3396%7Cef89559b-210d-4999-8bbc-e40a75262b7a&AppEnvironment=datacollector-binary&UploadType=eteventstream] status=Processing
[2017.10.11-00.21.41:354][338]LogModuleManager: Shutting down and abandoning module SSL (40)
[2017.10.11-00.21.41:355][338]LogModuleManager: Shutting down and abandoning module AnimationModifiers (36)
[2017.10.11-00.21.41:355][338]LogModuleManager: Shutting down and abandoning module PropertyEditor (35)
[2017.10.11-00.21.41:355][338]LogModuleManager: Shutting down and abandoning module AudioEditor (32)
[2017.10.11-00.21.41:355][338]LogModuleManager: Shutting down and abandoning module TextureCompressor (30)
[2017.10.11-00.21.41:355][338]LogModuleManager: Shutting down and abandoning module ShaderCore (28)
[2017.10.11-00.21.41:355][338]LogModuleManager: Shutting down and abandoning module Landscape (26)
[2017.10.11-00.21.41:355][338]LogModuleManager: Shutting down and abandoning module SlateRHIRenderer (24)
[2017.10.11-00.21.41:356][338]LogModuleManager: Shutting down and abandoning module OpenGLDrv (22)
[2017.10.11-00.21.41:356][338]LogModuleManager: Shutting down and abandoning module D3D11RHI (20)
[2017.10.11-00.21.41:356][338]LogModuleManager: Shutting down and abandoning module AnimGraphRuntime (18)
[2017.10.11-00.21.41:356][338]LogModuleManager: Shutting down and abandoning module Renderer (16)
[2017.10.11-00.21.41:356][338]LogModuleManager: Shutting down and abandoning module Engine (14)
[2017.10.11-00.21.41:356][338]LogModuleManager: Shutting down and abandoning module CoreUObject (12)
[2017.10.11-00.21.41:356][338]LogModuleManager: Shutting down and abandoning module NetworkFile (10)
[2017.10.11-00.21.41:356][338]LogModuleManager: Shutting down and abandoning module CookedIterativeFile (8)
[2017.10.11-00.21.41:356][338]LogModuleManager: Shutting down and abandoning module StreamingFile (6)
[2017.10.11-00.21.41:356][338]LogModuleManager: Shutting down and abandoning module SandboxFile (4)
[2017.10.11-00.21.41:356][338]LogModuleManager: Shutting down and abandoning module PakFile (2)
[2017.10.11-00.21.41:358][338]LogExit: Exiting.
[2017.10.11-00.21.41:371][338]Log file closed, 10/11/17 02:21:41
